#
# A fatal error has been detected by the Java Runtime Environment:
#
#  EXCEPTION_ACCESS_VIOLATION (0xc0000005) at pc=0x000007fefa6516cc, pid=8588, tid=8276
#
# JRE version: OpenJDK Runtime Environment (11.0.2+9) (build 11.0.2+9-b159.34)
# Java VM: OpenJDK 64-Bit Server VM (11.0.2+9-b159.34, mixed mode, sharing, tiered, compressed oops, concurrent mark sweep gc, windows-amd64)
# Problematic frame:
# C  0x000007fefa6516cc
#
# No core dump will be written. Minidumps are not enabled by default on client versions of Windows
#
# If you would like to submit a bug report, please visit:
#   http://bugreport.java.com/bugreport/crash.jsp
# The crash happened outside the Java Virtual Machine in native code.
# See problematic frame for where to report the bug.
#

---------------  S U M M A R Y ------------

Command Line: -Xms128m -Xmx750m -XX:ReservedCodeCacheSize=240m -XX:+UseConcMarkSweepGC -XX:SoftRefLRUPolicyMSPerMB=50 -ea -Dsun.io.useCanonCaches=false -Djava.net.preferIPv4Stack=true -Djdk.http.auth.tunneling.disabledSchemes="" -XX:+HeapDumpOnOutOfMemoryError -XX:-OmitStackTraceInFastThrow -javaagent:C:\Program Files\JetBrains\PyCharm 2019.1.1\bin\JetbrainsCrack-release-enc.jar -Djb.vmOptionsFile=C:\Program Files\JetBrains\PyCharm 2019.1.1\bin\pycharm64.exe.vmoptions -Didea.platform.prefix=Python -Dide.native.launcher=true -Didea.paths.selector=PyCharm2019.1 -XX:ErrorFile=C:\Users\Administrator\java_error_in_pycharm_%p.log -XX:HeapDumpPath=C:\Users\Administrator\java_error_in_pycharm.hprof 

Host: Intel(R) Core(TM) i5-2540M CPU @ 2.60GHz, 4 cores, 7G,  Windows 7 , 64 bit Build 7601 (6.1.7601.18409)
Time: Tue Sep 10 20:39:58 2019 ?D1¨²¡À¨º¡Á?¨º¡À?? elapsed time: 39731 seconds (0d 11h 2m 11s)

---------------  T H R E A D  ---------------

Current thread (0x0000000019f88800):  JavaThread "AWT-EventQueue-0" [_thread_in_native, id=8276, stack(0x0000000020650000,0x0000000020750000)]

Stack: [0x0000000020650000,0x0000000020750000],  sp=0x000000002074a898,  free space=1002k
Native frames: (J=compiled Java code, j=interpreted, Vv=VM code, C=native code)
C  0x000007fefa6516cc

Java frames: (J=compiled Java code, j=interpreted, Vv=VM code)
j  sun.awt.windows.WClipboard.openClipboard(Lsun/awt/datatransfer/SunClipboard;)V+0 java.desktop@11.0.2
j  sun.awt.windows.WClipboard.setContentsNative(Ljava/awt/datatransfer/Transferable;)V+13 java.desktop@11.0.2
j  sun.awt.datatransfer.SunClipboard.setContents(Ljava/awt/datatransfer/Transferable;Ljava/awt/datatransfer/ClipboardOwner;)V+49 java.desktop@11.0.2
j  com.intellij.ide.ClipboardSynchronizer$ClipboardHandler.setContent(Ljava/awt/datatransfer/Transferable;Ljava/awt/datatransfer/ClipboardOwner;)V+27
j  com.intellij.ide.ClipboardSynchronizer.setContent(Ljava/awt/datatransfer/Transferable;Ljava/awt/datatransfer/ClipboardOwner;)V+23
j  com.intellij.ide.CopyPasteManagerEx.setSystemClipboardContent(Ljava/awt/datatransfer/Transferable;)V+6
j  com.intellij.ide.CopyPasteManagerEx.setContents(Ljava/awt/datatransfer/Transferable;)V+53
j  com.intellij.codeInsight.editorActions.CopyHandler.doExecute(Lcom/intellij/openapi/editor/Editor;Lcom/intellij/openapi/editor/Caret;Lcom/intellij/openapi/actionSystem/DataContext;)V+400
J 47087 c1 com.intellij.openapi.editor.actionSystem.EditorActionHandler$$Lambda$2386.perform(Lcom/intellij/openapi/editor/Caret;Lcom/intellij/openapi/actionSystem/DataContext;)V (10 bytes) @ 0x0000000006e62ea4 [0x0000000006e62c60+0x0000000000000244]
J 41957 c1 com.intellij.openapi.editor.actionSystem.EditorActionHandler.doIfEnabled(Lcom/intellij/openapi/editor/Caret;Lcom/intellij/openapi/actionSystem/DataContext;Lcom/intellij/openapi/editor/actionSystem/EditorActionHandler$CaretTask;)V (137 bytes) @ 0x00000000082e3c4c [0x00000000082e2c60+0x0000000000000fec]
J 41958 c1 com.intellij.openapi.editor.actionSystem.EditorActionHandler.execute(Lcom/intellij/openapi/editor/Editor;Lcom/intellij/openapi/editor/Caret;Lcom/intellij/openapi/actionSystem/DataContext;)V (131 bytes) @ 0x00000000084fb414 [0x00000000084fa7c0+0x0000000000000c54]
J 48551 c1 com.intellij.openapi.editor.actionSystem.EditorAction$$Lambda$2385.run()V (16 bytes) @ 0x00000000081b1efc [0x00000000081b1de0+0x000000000000011c]
J 50135 c2 com.intellij.openapi.command.impl.CoreCommandProcessor.executeCommand(Lcom/intellij/openapi/project/Project;Ljava/lang/Runnable;Ljava/lang/String;Ljava/lang/Object;Lcom/intellij/openapi/command/UndoConfirmationPolicy;Lcom/intellij/openapi/editor/Document;)V (33 bytes) @ 0x00000000102b6a94 [0x00000000102b64a0+0x00000000000005f4]
J 48549 c1 com.intellij.openapi.editor.actionSystem.EditorAction.actionPerformed(Lcom/intellij/openapi/editor/Editor;Lcom/intellij/openapi/actionSystem/DataContext;)V (178 bytes) @ 0x0000000009015544 [0x00000000090133a0+0x00000000000021a4]
j  com.intellij.openapi.editor.impl.EditorImpl$MyEditable.executeAction(Ljava/lang/String;Lcom/intellij/openapi/actionSystem/DataContext;)V+39
j  com.intellij.openapi.editor.impl.EditorImpl$MyEditable.performCopy(Lcom/intellij/openapi/actionSystem/DataContext;)V+12
j  com.intellij.ide.actions.CopyAction.actionPerformed(Lcom/intellij/openapi/actionSystem/AnActionEvent;)V+31
J 47086 c1 com.intellij.openapi.actionSystem.ex.ActionUtil$1.run()V (37 bytes) @ 0x00000000078789fc [0x00000000078788c0+0x000000000000013c]
J 46131 c1 com.intellij.openapi.actionSystem.ex.ActionUtil.performActionDumbAware(Lcom/intellij/openapi/actionSystem/AnAction;Lcom/intellij/openapi/actionSystem/AnActionEvent;)V (34 bytes) @ 0x000000000a7d05f4 [0x000000000a7d0040+0x00000000000005b4]
j  com.intellij.openapi.actionSystem.impl.ActionMenuItem$ActionTransmitter.lambda$actionPerformed$0(Ljava/awt/event/ActionEvent;Lcom/intellij/openapi/wm/IdeFocusManager;Lcom/intellij/openapi/util/ActionCallback;)V+141
j  com.intellij.openapi.actionSystem.impl.ActionMenuItem$ActionTransmitter$$Lambda$2519.run()V+16
j  com.intellij.openapi.wm.impl.FocusManagerImpl.runOnOwnContext(Lcom/intellij/openapi/actionSystem/DataContext;Ljava/lang/Runnable;)V+27
j  com.intellij.openapi.wm.impl.IdeFocusManagerImpl.runOnOwnContext(Lcom/intellij/openapi/actionSystem/DataContext;Ljava/lang/Runnable;)V+23
j  com.intellij.openapi.actionSystem.impl.ActionMenuItem$ActionTransmitter.actionPerformed(Ljava/awt/event/ActionEvent;)V+104
j  javax.swing.AbstractButton.fireActionPerformed(Ljava/awt/event/ActionEvent;)V+84 java.desktop@11.0.2
j  com.intellij.openapi.actionSystem.impl.ActionMenuItem.lambda$fireActionPerformed$0(Ljava/awt/event/ActionEvent;)V+2
j  com.intellij.openapi.actionSystem.impl.ActionMenuItem$$Lambda$2516.run()V+8
J 48629 c2 com.intellij.openapi.application.TransactionGuardImpl.submitTransaction(Lcom/intellij/openapi/Disposable;Lcom/intellij/openapi/application/TransactionId;Ljava/lang/Runnable;)V (84 bytes) @ 0x000000001005b71c [0x000000001005adc0+0x000000000000095c]
J 55882 c2 com.intellij.openapi.application.TransactionGuard.submitTransaction(Lcom/intellij/openapi/Disposable;Ljava/lang/Runnable;)V (31 bytes) @ 0x0000000010d4a29c [0x0000000010d4a240+0x000000000000005c]
j  com.intellij.openapi.actionSystem.impl.ActionMenuItem.fireActionPerformed(Ljava/awt/event/ActionEvent;)V+41
j  com.intellij.ui.plaf.beg.BegMenuItemUI.doClick(Ljavax/swing/MenuSelectionManager;Ljava/awt/event/MouseEvent;)V+187
j  com.intellij.ui.plaf.beg.BegMenuItemUI.access$300(Lcom/intellij/ui/plaf/beg/BegMenuItemUI;Ljavax/swing/MenuSelectionManager;Ljava/awt/event/MouseEvent;)V+3
j  com.intellij.ui.plaf.beg.BegMenuItemUI$MyMouseInputHandler.mouseReleased(Ljava/awt/event/MouseEvent;)V+63
J 47610 c2 javax.swing.JComponent.processMouseEvent(Ljava/awt/event/MouseEvent;)V java.desktop@11.0.2 (27 bytes) @ 0x000000000ff0e5c8 [0x000000000ff0e4c0+0x0000000000000108]
J 55601 c2 java.awt.Container.processEvent(Ljava/awt/AWTEvent;)V java.desktop@11.0.2 (22 bytes) @ 0x000000000ffaf1dc [0x000000000ffaef80+0x000000000000025c]
J 55586 c2 java.awt.Component.dispatchEventImpl(Ljava/awt/AWTEvent;)V java.desktop@11.0.2 (777 bytes) @ 0x0000000010ad7a84 [0x0000000010ad6da0+0x0000000000000ce4]
J 46940 c2 java.awt.Container.dispatchEventImpl(Ljava/awt/AWTEvent;)V java.desktop@11.0.2 (129 bytes) @ 0x000000000e371a40 [0x000000000e3718c0+0x0000000000000180]
J 46814 c2 java.awt.LightweightDispatcher.retargetMouseEvent(Ljava/awt/Component;ILjava/awt/event/MouseEvent;)V java.desktop@11.0.2 (372 bytes) @ 0x000000000fd51244 [0x000000000fd50e60+0x00000000000003e4]
J 46940 c2 java.awt.Container.dispatchEventImpl(Ljava/awt/AWTEvent;)V java.desktop@11.0.2 (129 bytes) @ 0x000000000e3722a4 [0x000000000e3718c0+0x00000000000009e4]
J 31315 c2 java.awt.Window.dispatchEventImpl(Ljava/awt/AWTEvent;)V java.desktop@11.0.2 (23 bytes) @ 0x000000000e4f6f9c [0x000000000e4f6f40+0x000000000000005c]
J 18251 c2 java.awt.EventQueue$4.run()Ljava/lang/Object; java.desktop@11.0.2 (5 bytes) @ 0x000000000de3eba8 [0x000000000de3ea00+0x00000000000001a8]
v  ~StubRoutines::call_stub
J 4740  java.security.AccessController.doPrivileged(Ljava/security/PrivilegedAction;Ljava/security/AccessControlContext;)Ljava/lang/Object; java.base@11.0.2 (0 bytes) @ 0x000000000d60d836 [0x000000000d60d7c0+0x0000000000000076]
J 18088 c2 java.security.ProtectionDomain$JavaSecurityAccessImpl.doIntersectionPrivilege(Ljava/security/PrivilegedAction;Ljava/security/AccessControlContext;Ljava/security/AccessControlContext;)Ljava/lang/Object; java.base@11.0.2 (22 bytes) @ 0x000000000de2c60c [0x000000000de2c3a0+0x000000000000026c]
J 31014 c2 java.awt.EventQueue$5.run()Ljava/lang/Object; java.desktop@11.0.2 (5 bytes) @ 0x000000000e10dd58 [0x000000000e10dce0+0x0000000000000078]
v  ~StubRoutines::call_stub
J 4740  java.security.AccessController.doPrivileged(Ljava/security/PrivilegedAction;Ljava/security/AccessControlContext;)Ljava/lang/Object; java.base@11.0.2 (0 bytes) @ 0x000000000d60d836 [0x000000000d60d7c0+0x0000000000000076]
J 18088 c2 java.security.ProtectionDomain$JavaSecurityAccessImpl.doIntersectionPrivilege(Ljava/security/PrivilegedAction;Ljava/security/AccessControlContext;Ljava/security/AccessControlContext;)Ljava/lang/Object; java.base@11.0.2 (22 bytes) @ 0x000000000de2c60c [0x000000000de2c3a0+0x000000000000026c]
J 55498 c2 com.intellij.ide.IdeEventQueue._dispatchEvent(Ljava/awt/AWTEvent;)V (789 bytes) @ 0x000000000f8d5c84 [0x000000000f8d4420+0x0000000000001864]
J 55486 c2 com.intellij.ide.IdeEventQueue.dispatchEvent(Ljava/awt/AWTEvent;)V (779 bytes) @ 0x000000000f4059b8 [0x000000000f4056a0+0x0000000000000318]
J 46816 c2 java.awt.EventDispatchThread.pumpOneEventForFilters(I)V java.desktop@11.0.2 (113 bytes) @ 0x000000000fd540d0 [0x000000000fd53e40+0x0000000000000290]
J 33516% c2 java.awt.EventDispatchThread.pumpEventsForFilter(ILjava/awt/Conditional;Ljava/awt/EventFilter;)V java.desktop@11.0.2 (47 bytes) @ 0x000000000e5346c0 [0x000000000e5345c0+0x0000000000000100]
j  java.awt.EventDispatchThread.pumpEventsForHierarchy(ILjava/awt/Conditional;Ljava/awt/Component;)V+11 java.desktop@11.0.2
j  java.awt.EventDispatchThread.pumpEvents(ILjava/awt/Conditional;)V+4 java.desktop@11.0.2
j  java.awt.EventDispatchThread.pumpEvents(Ljava/awt/Conditional;)V+3 java.desktop@11.0.2
j  java.awt.EventDispatchThread.run()V+9 java.desktop@11.0.2
v  ~StubRoutines::call_stub

siginfo: EXCEPTION_ACCESS_VIOLATION (0xc0000005), data execution prevention violation at address 0x000007fefa6516cc


Register to memory mapping:

RIP=0x000007fefa6516cc is an unknown value
RAX=0x0000000000181000 points into unknown readable memory: 00 00 00 00 00 00 00 00
RBX=0x0000000019f88b40 points into unknown readable memory: a0 cc f6 e4 fe 07 00 00
RCX=0x00000000000206d0 points into unknown readable memory: 00 00 00 00 00 00 00 00
RDX=0x0000000000000006 is an unknown value
RSP=0x000000002074a898 is pointing into the stack for thread: 0x0000000019f88800
RBP=0x000000002074a960 is pointing into the stack for thread: 0x0000000019f88800
RSI=
[error occurred during error reporting (printing register info), id 0xc0000005, EXCEPTION_ACCESS_VIOLATION (0xc0000005) at pc=0x000007fee4c4e696]

Registers:
RAX=0x0000000000181000, RBX=0x0000000019f88b40, RCX=0x00000000000206d0, RDX=0x0000000000000006
RSP=0x000000002074a898, RBP=0x000000002074a960, RSI=0x00000000d2773518, RDI=0x000000002074a980
R8 =0x0000000000000004, R9 =0x00000000d2773cb0, R10=0x00000000058eefc8, R11=0x000000002074a838
R12=0x0000000000000000, R13=0x000000002eb03770, R14=0x000000002074a988, R15=0x0000000019f88800
RIP=0x000007fefa6516cc, EFLAGS=0x0000000000010202

Top of Stack: (sp=0x000000002074a898)
0x000000002074a898:   000007fee444c055 000000002074a8a0
0x000000002074a8a8:   000000002eb13a73 000000002074a910
0x000000002074a8b8:   000000002eb14ba0 fffffffffffffffe
0x000000002074a8c8:   00000000eb2570a0 0000000000000001
0x000000002074a8d8:   00000000058eeff7 000000002eb03778
0x000000002074a8e8:   000000002074a960 00000000058e9bc0
0x000000002074a8f8:   00000000d2773bf8 00000000e277aa88
0x000000002074a908:   00000000d2773378 00000000eb455bf0
0x000000002074a918:   000000002074a918 0000000000000000
0x000000002074a928:   000000002074a988 000000002eb08b98
0x000000002074a938:   0000000000000000 00000000eb484340
0x000000002074a948:   000000002eb03778 0000000000000000
0x000000002074a958:   000000002074a980 000000002074a9d8
0x000000002074a968:   00000000058e9e73 0000000000000000
0x000000002074a978:   00000000058ec018 00000000eb4cb500
0x000000002074a988:   00000000eb4cb500 000000002074a990 

Instructions: (pc=0x000007fefa6516cc)
0x000007fefa6516ac:   
[error occurred during error reporting (printing registers, top of stack, instructions near pc), id 0xc0000005, EXCEPTION_ACCESS_VIOLATION (0xc0000005) at pc=0x000007fee4bbe773]

Stack slot to memory mapping:
stack at sp + 0 slots: 0x000007fee444c055 awt.dll
stack at sp + 1 slots: 0x000000002074a8a0 is pointing into the stack for thread: 0x0000000019f88800
stack at sp + 2 slots: 0x000000002eb13a73 is pointing into metadata
stack at sp + 3 slots: 0x000000002074a910 is pointing into the stack for thread: 0x0000000019f88800
stack at sp + 4 slots: 0x000000002eb14ba0 is pointing into metadata
stack at sp + 5 slots: 0xfffffffffffffffe is an unknown value
stack at sp + 6 slots: 0x00000000eb2570a0 points into unknown readable memory: 19 aa 00 4e 53 00 00 00
stack at sp + 7 slots: 0x0000000000000001 is an unknown value


---------------  P R O C E S S  ---------------

Threads class SMR info:
_java_thread_list=0x00000000227dd670, length=39, elements={
0x0000000000214800, 0x000000001889b000, 0x00000000188a4000, 0x00000000188b6800,
0x00000000188b7800, 0x00000000188b8800, 0x00000000188bd000, 0x00000000188c8800,
0x00000000189ab000, 0x0000000019584000, 0x000000001ad69000, 0x000000001b14a800,
0x0000000019fe5000, 0x00000000198af800, 0x0000000019b76800, 0x000000001c4e0800,
0x0000000019f87800, 0x0000000019f88800, 0x0000000019f8a000, 0x0000000019f8b000,
0x0000000019f8b800, 0x00000000193e8000, 0x00000000193e9000, 0x000000002aeac800,
0x00000000193ec000, 0x000000002258b000, 0x000000002258a800, 0x0000000019f87000,
0x0000000025b6b000, 0x0000000025b6f000, 0x0000000022591000, 0x000000002258d000,
0x000000002258f800, 0x000000001cd5d800, 0x0000000025b6a800, 0x000000002aead000,
0x000000002aeaa800, 0x000000002aeae000, 0x000000002aeaf800
}

Java Threads: ( => current thread )
  0x0000000000214800 JavaThread "main" [_thread_blocked, id=8640, stack(0x0000000000030000,0x0000000000130000)]
  0x000000001889b000 JavaThread "Reference Handler" daemon [_thread_blocked, id=1396, stack(0x0000000018ab0000,0x0000000018bb0000)]
  0x00000000188a4000 JavaThread "Finalizer" daemon [_thread_blocked, id=8144, stack(0x0000000018bb0000,0x0000000018cb0000)]
  0x00000000188b6800 JavaThread "Signal Dispatcher" daemon [_thread_blocked, id=8232, stack(0x0000000018cb0000,0x0000000018db0000)]
  0x00000000188b7800 JavaThread "Attach Listener" daemon [_thread_blocked, id=9004, stack(0x0000000018db0000,0x0000000018eb0000)]
  0x00000000188b8800 JavaThread "C2 CompilerThread0" daemon [_thread_in_native, id=9136, stack(0x0000000018eb0000,0x0000000018fb0000)]
  0x00000000188bd000 JavaThread "C1 CompilerThread0" daemon [_thread_blocked, id=8708, stack(0x0000000018fb0000,0x00000000190b0000)]
  0x00000000188c8800 JavaThread "Sweeper thread" daemon [_thread_blocked, id=6984, stack(0x00000000190b0000,0x00000000191b0000)]
  0x00000000189ab000 JavaThread "Common-Cleaner" daemon [_thread_blocked, id=8000, stack(0x00000000195b0000,0x00000000196b0000)]
  0x0000000019584000 JavaThread "Service Thread" daemon [_thread_blocked, id=8216, stack(0x000000001a0a0000,0x000000001a1a0000)]
  0x000000001ad69000 JavaThread "Java2D Disposer" daemon [_thread_blocked, id=8696, stack(0x00000000197a0000,0x00000000198a0000)]
  0x000000001b14a800 JavaThread "AWT-Windows" daemon [_thread_in_native, id=7548, stack(0x000000001cf30000,0x000000001d030000)]
  0x0000000019fe5000 JavaThread "Netty Builtin Server 1" [_thread_in_native, id=8844, stack(0x000000001d3e0000,0x000000001d4e0000)]
  0x00000000198af800 JavaThread "Batik CleanerThread" daemon [_thread_blocked, id=4716, stack(0x000000001e3f0000,0x000000001e4f0000)]
  0x0000000019b76800 JavaThread "Periodic tasks thread" daemon [_thread_blocked, id=7732, stack(0x000000001ecf0000,0x000000001edf0000)]
  0x000000001c4e0800 JavaThread "ApplicationImpl pooled thread 1" [_thread_in_native, id=8440, stack(0x000000001f270000,0x000000001f370000)]
  0x0000000019f87800 JavaThread "AWT-Shutdown" [_thread_blocked, id=4220, stack(0x0000000020540000,0x0000000020640000)]
=>0x0000000019f88800 JavaThread "AWT-EventQueue-0" [_thread_in_native, id=8276, stack(0x0000000020650000,0x0000000020750000)]
  0x0000000019f8a000 JavaThread "fsnotifier64.exe" [_thread_in_native, id=9172, stack(0x000000001b470000,0x000000001b570000)]
  0x0000000019f8b000 JavaThread "BaseDataReader: output stream of fsnotifier64.exe" [_thread_in_native, id=6884, stack(0x000000001dde0000,0x000000001dee0000)]
  0x0000000019f8b800 JavaThread "BaseDataReader: error stream of fsnotifier64.exe" [_thread_in_native, id=6296, stack(0x000000001dee0000,0x000000001dfe0000)]
  0x00000000193e8000 JavaThread "Netty Builtin Server 2" [_thread_in_native, id=6652, stack(0x000000001e7f0000,0x000000001e8f0000)]
  0x00000000193e9000 JavaThread "TimerQueue" daemon [_thread_blocked, id=6896, stack(0x0000000020850000,0x0000000020950000)]
  0x000000002aeac800 JavaThread "Swing-Shell" daemon [_thread_blocked, id=9308, stack(0x000000002e300000,0x000000002e400000)]
  0x00000000193ec000 JavaThread "JobScheduler FJ pool 4/3" daemon [_thread_blocked, id=6392, stack(0x0000000030da0000,0x0000000030ea0000)]
  0x000000002258b000 JavaThread "BaseDataReader: com.jetbrains.python.debugger.pydev.transport.ServerModeDebuggerTransport$DebuggerReader" daemon [_thread_in_native, id=6752, stack(0x0000000029c80000,0x0000000029d80000)]
  0x000000002258a800 JavaThread "ApplicationImpl pooled thread 313" [_thread_in_native, id=8712, stack(0x000000002dc00000,0x000000002dd00000)]
  0x0000000019f87000 JavaThread "python.exe" [_thread_in_native, id=10080, stack(0x000000001f370000,0x000000001f470000)]
  0x0000000025b6b000 JavaThread "BaseDataReader: output stream of python.exe" [_thread_blocked, id=10812, stack(0x000000001f470000,0x000000001f570000)]
  0x0000000025b6f000 JavaThread "BaseDataReader: error stream of python.exe" [_thread_blocked, id=10784, stack(0x0000000020e30000,0x0000000020f30000)]
  0x0000000022591000 JavaThread "PyDebug Async Executor" [_thread_blocked, id=10100, stack(0x000000003c990000,0x000000003ca90000)]
  0x000000002258d000 JavaThread "PyDebug Async Executor" [_thread_blocked, id=10068, stack(0x000000003ca90000,0x000000003cb90000)]
  0x000000002258f800 JavaThread "PyDebug Async Executor" [_thread_blocked, id=10508, stack(0x000000003cb90000,0x000000003cc90000)]
  0x000000001cd5d800 JavaThread "PyDebug Async Executor" [_thread_blocked, id=10960, stack(0x000000003cc90000,0x000000003cd90000)]
  0x0000000025b6a800 JavaThread "ApplicationImpl pooled thread 327" [_thread_blocked, id=11100, stack(0x000000001dae0000,0x000000001dbe0000)]
  0x000000002aead000 JavaThread "ApplicationImpl pooled thread 328" daemon [_thread_blocked, id=8580, stack(0x00000000277c0000,0x00000000278c0000)]
  0x000000002aeaa800 JavaThread "ApplicationImpl pooled thread 329" daemon [_thread_blocked, id=11048, stack(0x0000000029100000,0x0000000029200000)]
  0x000000002aeae000 JavaThread "JobScheduler FJ pool 1/3" daemon [_thread_blocked, id=7884, stack(0x000000002c300000,0x000000002c400000)]
  0x000000002aeaf800 JavaThread "JobScheduler FJ pool 0/3" daemon [_thread_blocked, id=10904, stack(0x00000000306a0000,0x00000000307a0000)]

Other Threads:
  0x0000000000293800 VMThread "VM Thread" [stack: 0x00000000189b0000,0x0000000018ab0000] [id=7896]
  0x0000000019584800 WatcherThread [stack: 0x000000001a1a0000,0x000000001a2a0000] [id=9072]
  0x0000000000224800 GCTaskThread "GC Thread#0" [stack: 0x00000000149d0000,0x0000000014ad0000] [id=8332]
  0x0000000019ae4800 GCTaskThread "GC Thread#1" [stack: 0x000000001a3a0000,0x000000001a4a0000] [id=8592]
  0x0000000019c4f800 GCTaskThread "GC Thread#2" [stack: 0x000000001b570000,0x000000001b670000] [id=7220]
  0x000000001ae3d800 GCTaskThread "GC Thread#3" [stack: 0x000000001b670000,0x000000001b770000] [id=9040]
  0x000000000026a800 ConcurrentGCThread "CMS Main Thread" [stack: 0x0000000017db0000,0x0000000017eb0000] [id=6524]

Threads with active compile tasks:
C2 CompilerThread057001 %     4       com.intellij.openapi.editor.ex.util.LexerEditorHighlighter::doSetText @ 82 (249 bytes)

VM state:not at safepoint (normal execution)

VM Mutex/Monitor currently owned by a thread: None

Heap address: 0x00000000d1200000, size: 750 MB, Compressed Oops mode: 32-bit
Narrow klass base: 0x0000000800000000, Narrow klass shift: 3
Compressed class space size: 1073741824 Address: 0x0000000840000000

Heap:
 par new generation   total 39296K, used 23047K [0x00000000d1200000, 0x00000000d3ca0000, 0x00000000e0c00000)
  eden space 34944K,  64% used [0x00000000d1200000, 0x00000000d2813cf8, 0x00000000d3420000)
  from space 4352K,  10% used [0x00000000d3860000, 0x00000000d38ce2f0, 0x00000000d3ca0000)
  to   space 4352K,   0% used [0x00000000d3420000, 0x00000000d3420000, 0x00000000d3860000)
 concurrent mark-sweep generation total 314876K, used 217236K [0x00000000e0c00000, 0x00000000f3f7f000, 0x0000000100000000)
 Metaspace       used 236632K, capacity 244612K, committed 244912K, reserved 1263616K
  class space    used 27246K, capacity 30291K, committed 30332K, reserved 1048576K

Card table byte_map: [0x0000000014ad0000,0x0000000014c50000] _byte_map_base: 0x0000000014447000

Marking Bits: (CMSBitMap*) 0x0000000000269210
 Bits: [0x0000000015190000, 0x0000000015960000)

Mod Union Table: (CMSBitMap*) 0x00000000002692b0
 Bits: [0x0000000001b80000, 0x0000000001b9f400)

Polling page: 0x0000000000180000

Metaspace:

Usage:
  Non-class:    209.30 MB capacity,   204.48 MB ( 98%) used,     4.04 MB (  2%) free+waste,   800.19 KB ( <1%) overhead. 
      Class:     29.58 MB capacity,    26.61 MB ( 90%) used,     2.64 MB (  9%) free+waste,   344.44 KB (  1%) overhead. 
       Both:    238.88 MB capacity,   231.09 MB ( 97%) used,     6.67 MB (  3%) free+waste,     1.12 MB ( <1%) overhead. 

Virtual space:
  Non-class space:      210.00 MB reserved,     209.55 MB (>99%) committed 
      Class space:        1.00 GB reserved,      29.62 MB (  3%) committed 
             Both:        1.21 GB reserved,     239.17 MB ( 19%) committed 

Chunk freelists:
   Non-Class:  8.38 KB
       Class:  1.63 KB
        Both:  10.00 KB

CodeHeap 'non-profiled nmethods': size=120064Kb used=58552Kb max_used=61338Kb free=61511Kb
 bounds [0x000000000d3a0000, 0x0000000010fa0000, 0x00000000148e0000]
CodeHeap 'profiled nmethods': size=120000Kb used=77990Kb max_used=79934Kb free=42009Kb
 bounds [0x0000000005e70000, 0x000000000ae10000, 0x000000000d3a0000]
CodeHeap 'non-nmethods': size=5696Kb used=1757Kb max_used=1825Kb free=3938Kb
 bounds [0x00000000058e0000, 0x0000000005b50000, 0x0000000005e70000]
 total_blobs=85882 nmethods=38822 adapters=1258
 compilation: enabled
              stopped_count=0, restarted_count=0
 full_count=0

Compilation events (10 events):
Event: 39731.493 Thread 0x00000000188bd000 57004       3       com.intellij.openapi.editor.markup.TextAttributes::setFontType (49 bytes)
Event: 39731.494 Thread 0x00000000188bd000 nmethod 57004 0x0000000007785d10 code [0x0000000007785fa0, 0x0000000007786aa0]
Event: 39731.494 Thread 0x00000000188bd000 57005       3       com.intellij.openapi.editor.richcopy.SyntaxInfoBuilder$SegmentIterator::atEnd (30 bytes)
Event: 39731.494 Thread 0x00000000188bd000 nmethod 57005 0x0000000007270710 code [0x00000000072708e0, 0x0000000007270bd8]
Event: 39731.495 Thread 0x00000000188bd000 57006       3       com.intellij.openapi.editor.richcopy.SyntaxInfoBuilder$CompositeRangeIterator::getTextAttributes (76 bytes)
Event: 39731.495 Thread 0x00000000188bd000 nmethod 57006 0x000000000783f310 code [0x000000000783f560, 0x000000000783ffe0]
Event: 39731.495 Thread 0x00000000188bd000 57007       3       com.intellij.openapi.editor.richcopy.SyntaxInfoBuilder$MyMarkupIterator::advance (114 bytes)
Event: 39731.496 Thread 0x00000000188bd000 nmethod 57007 0x0000000007a97410 code [0x0000000007a976a0, 0x0000000007a983e0]
Event: 39731.496 Thread 0x00000000188bd000 57008       3       com.intellij.openapi.editor.richcopy.SyntaxInfoBuilder$SegmentIterator::advance (21 bytes)
Event: 39731.497 Thread 0x00000000188bd000 nmethod 57008 0x0000000007289590 code [0x0000000007289760, 0x0000000007289970]

GC Heap History (10 events):
Event: 39413.979 GC heap before
{Heap before GC invocations=960 (full 12):
 par new generation   total 39296K, used 39295K [0x00000000d1200000, 0x00000000d3ca0000, 0x00000000e0c00000)
  eden space 34944K,  99% used [0x00000000d1200000, 0x00000000d341ffd0, 0x00000000d3420000)
  from space 4352K, 100% used [0x00000000d3420000, 0x00000000d3860000, 0x00000000d3860000)
  to   space 4352K,   0% used [0x00000000d3860000, 0x00000000d3860000, 0x00000000d3ca0000)
 concurrent mark-sweep generation total 307232K, used 208833K [0x00000000e0c00000, 0x00000000f3808000, 0x0000000100000000)
 Metaspace       used 236104K, capacity 243868K, committed 244912K, reserved 1263616K
  class space    used 27168K, capacity 30148K, committed 30332K, reserved 1048576K
}
Event: 39413.985 GC heap after
{Heap after GC invocations=961 (full 12):
 par new generation   total 39296K, used 438K [0x00000000d1200000, 0x00000000d3ca0000, 0x00000000e0c00000)
  eden space 34944K,   0% used [0x00000000d1200000, 0x00000000d1200000, 0x00000000d3420000)
  from space 4352K,  10% used [0x00000000d3860000, 0x00000000d38cda00, 0x00000000d3ca0000)
  to   space 4352K,   0% used [0x00000000d3420000, 0x00000000d3420000, 0x00000000d3860000)
 concurrent mark-sweep generation total 311048K, used 213127K [0x00000000e0c00000, 0x00000000f3bc2000, 0x0000000100000000)
 Metaspace       used 236104K, capacity 243868K, committed 244912K, reserved 1263616K
  class space    used 27168K, capacity 30148K, committed 30332K, reserved 1048576K
}
Event: 39638.651 GC heap before
{Heap before GC invocations=961 (full 12):
 par new generation   total 39296K, used 35324K [0x00000000d1200000, 0x00000000d3ca0000, 0x00000000e0c00000)
  eden space 34944K,  99% used [0x00000000d1200000, 0x00000000d3411708, 0x00000000d3420000)
  from space 4352K,  10% used [0x00000000d3860000, 0x00000000d38cda00, 0x00000000d3ca0000)
  to   space 4352K,   0% used [0x00000000d3420000, 0x00000000d3420000, 0x00000000d3860000)
 concurrent mark-sweep generation total 311048K, used 213127K [0x00000000e0c00000, 0x00000000f3bc2000, 0x0000000100000000)
 Metaspace       used 236306K, capacity 244164K, committed 244912K, reserved 1263616K
  class space    used 27198K, capacity 30203K, committed 30332K, reserved 1048576K
}
Event: 39638.655 GC heap after
{Heap after GC invocations=962 (full 12):
 par new generation   total 39296K, used 4352K [0x00000000d1200000, 0x00000000d3ca0000, 0x00000000e0c00000)
  eden space 34944K,   0% used [0x00000000d1200000, 0x00000000d1200000, 0x00000000d3420000)
  from space 4352K, 100% used [0x00000000d3420000, 0x00000000d3860000, 0x00000000d3860000)
  to   space 4352K,   0% used [0x00000000d3860000, 0x00000000d3860000, 0x00000000d3ca0000)
 concurrent mark-sweep generation total 311048K, used 213191K [0x00000000e0c00000, 0x00000000f3bc2000, 0x0000000100000000)
 Metaspace       used 236306K, capacity 244164K, committed 244912K, reserved 1263616K
  class space    used 27198K, capacity 30203K, committed 30332K, reserved 1048576K
}
Event: 39688.981 GC heap before
{Heap before GC invocations=962 (full 12):
 par new generation   total 39296K, used 39296K [0x00000000d1200000, 0x00000000d3ca0000, 0x00000000e0c00000)
  eden space 34944K, 100% used [0x00000000d1200000, 0x00000000d3420000, 0x00000000d3420000)
  from space 4352K, 100% used [0x00000000d3420000, 0x00000000d3860000, 0x00000000d3860000)
  to   space 4352K,   0% used [0x00000000d3860000, 0x00000000d3860000, 0x00000000d3ca0000)
 concurrent mark-sweep generation total 311048K, used 213191K [0x00000000e0c00000, 0x00000000f3bc2000, 0x0000000100000000)
 Metaspace       used 236610K, capacity 244608K, committed 244912K, reserved 1263616K
  class space    used 27245K, capacity 30291K, committed 30332K, reserved 1048576K
}
Event: 39688.987 GC heap after
{Heap after GC invocations=963 (full 12):
 par new generation   total 39296K, used 539K [0x00000000d1200000, 0x00000000d3ca0000, 0x00000000e0c00000)
  eden space 34944K,   0% used [0x00000000d1200000, 0x00000000d1200000, 0x00000000d3420000)
  from space 4352K,  12% used [0x00000000d3860000, 0x00000000d38e6c18, 0x00000000d3ca0000)
  to   space 4352K,   0% used [0x00000000d3420000, 0x00000000d3420000, 0x00000000d3860000)
 concurrent mark-sweep generation total 314876K, used 217236K [0x00000000e0c00000, 0x00000000f3f7f000, 0x0000000100000000)
 Metaspace       used 236610K, capacity 244608K, committed 244912K, reserved 1263616K
  class space    used 27245K, capacity 30291K, committed 30332K, reserved 1048576K
}
Event: 39723.408 GC heap before
{Heap before GC invocations=963 (full 12):
 par new generation   total 39296K, used 35483K [0x00000000d1200000, 0x00000000d3ca0000, 0x00000000e0c00000)
  eden space 34944K, 100% used [0x00000000d1200000, 0x00000000d3420000, 0x00000000d3420000)
  from space 4352K,  12% used [0x00000000d3860000, 0x00000000d38e6c18, 0x00000000d3ca0000)
  to   space 4352K,   0% used [0x00000000d3420000, 0x00000000d3420000, 0x00000000d3860000)
 concurrent mark-sweep generation total 314876K, used 217236K [0x00000000e0c00000, 0x00000000f3f7f000, 0x0000000100000000)
 Metaspace       used 236623K, capacity 244612K, committed 244912K, reserved 1263616K
  class space    used 27245K, capacity 30291K, committed 30332K, reserved 1048576K
}
Event: 39723.414 GC heap after
{Heap after GC invocations=964 (full 12):
 par new generation   total 39296K, used 509K [0x00000000d1200000, 0x00000000d3ca0000, 0x00000000e0c00000)
  eden space 34944K,   0% used [0x00000000d1200000, 0x00000000d1200000, 0x00000000d3420000)
  from space 4352K,  11% used [0x00000000d3420000, 0x00000000d349f490, 0x00000000d3860000)
  to   space 4352K,   0% used [0x00000000d3860000, 0x00000000d3860000, 0x00000000d3ca0000)
 concurrent mark-sweep generation total 314876K, used 217236K [0x00000000e0c00000, 0x00000000f3f7f000, 0x0000000100000000)
 Metaspace       used 236623K, capacity 244612K, committed 244912K, reserved 1263616K
  class space    used 27245K, capacity 30291K, committed 30332K, reserved 1048576K
}
Event: 39729.408 GC heap before
{Heap before GC invocations=964 (full 12):
 par new generation   total 39296K, used 35453K [0x00000000d1200000, 0x00000000d3ca0000, 0x00000000e0c00000)
  eden space 34944K, 100% used [0x00000000d1200000, 0x00000000d3420000, 0x00000000d3420000)
  from space 4352K,  11% used [0x00000000d3420000, 0x00000000d349f490, 0x00000000d3860000)
  to   space 4352K,   0% used [0x00000000d3860000, 0x00000000d3860000, 0x00000000d3ca0000)
 concurrent mark-sweep generation total 314876K, used 217236K [0x00000000e0c00000, 0x00000000f3f7f000, 0x0000000100000000)
 Metaspace       used 236623K, capacity 244612K, committed 244912K, reserved 1263616K
  class space    used 27245K, capacity 30291K, committed 30332K, reserved 1048576K
}
Event: 39729.412 GC heap after
{Heap after GC invocations=965 (full 12):
 par new generation   total 39296K, used 440K [0x00000000d1200000, 0x00000000d3ca0000, 0x00000000e0c00000)
  eden space 34944K,   0% used [0x00000000d1200000, 0x00000000d1200000, 0x00000000d3420000)
  from space 4352K,  10% used [0x00000000d3860000, 0x00000000d38ce2f0, 0x00000000d3ca0000)
  to   space 4352K,   0% used [0x00000000d3420000, 0x00000000d3420000, 0x00000000d3860000)
 concurrent mark-sweep generation total 314876K, used 217236K [0x00000000e0c00000, 0x00000000f3f7f000, 0x0000000100000000)
 Metaspace       used 236623K, capacity 244612K, committed 244912K, reserved 1263616K
  class space    used 27245K, capacity 30291K, committed 30332K, reserved 1048576K
}

Deoptimization events (10 events):
Event: 38942.127 Thread 0x0000000019f88800 Uncommon trap: reason=class_check action=maybe_recompile pc=0x000000000debccc8 method=com.intellij.openapi.editor.impl.SelectionModelImpl.getTextAttributes()Lcom/intellij/openapi/editor/markup/TextAttributes; @ 28 c2
Event: 38980.344 Thread 0x0000000019f88800 Uncommon trap: reason=unstable_if action=reinterpret pc=0x0000000010f158d8 method=com.intellij.xdebugger.impl.evaluate.XDebuggerEditorLinePainter.getLineExtensions(Lcom/intellij/openapi/project/Project;Lcom/intellij/openapi/vfs/VirtualFile;I)Ljava/util/Co
Event: 39346.788 Thread 0x0000000019f88800 Uncommon trap: reason=unstable_if action=reinterpret pc=0x000000000e688234 method=javax.swing.KeyboardManager.registerKeyStroke(Ljavax/swing/KeyStroke;Ljavax/swing/JComponent;)V @ 80 c2
Event: 39346.833 Thread 0x0000000019f88800 Uncommon trap: reason=unstable_if action=reinterpret pc=0x000000000f8a29d8 method=com.jetbrains.python.psi.resolve.PyResolveUtil.resolveQualifiedNameInScope(Lcom/intellij/psi/util/QualifiedName;Lcom/jetbrains/python/codeInsight/controlflow/ScopeOwner;Lcom
Event: 39638.709 Thread 0x0000000019f88800 Uncommon trap: reason=array_check action=maybe_recompile pc=0x0000000010ee8f00 method=java.util.ComparableTimSort.mergeHi(IIII)V @ 521 c2
Event: 39638.709 Thread 0x0000000019f88800 Uncommon trap: reason=array_check action=maybe_recompile pc=0x0000000010ee8f00 method=java.util.ComparableTimSort.mergeHi(IIII)V @ 521 c2
Event: 39731.492 Thread 0x0000000019f88800 Uncommon trap: reason=bimorphic_or_optimized_type_check action=maybe_recompile pc=0x0000000010ebeae8 method=sun.text.RuleBasedBreakIterator.getCurrentCodePointCount()I @ 4 c2
Event: 39731.492 Thread 0x0000000019f88800 Uncommon trap: reason=bimorphic_or_optimized_type_check action=maybe_recompile pc=0x0000000010ebeae8 method=sun.text.RuleBasedBreakIterator.getCurrentCodePointCount()I @ 4 c2
Event: 39731.492 Thread 0x0000000019f88800 Uncommon trap: reason=bimorphic_or_optimized_type_check action=maybe_recompile pc=0x0000000010ebeae8 method=sun.text.RuleBasedBreakIterator.getCurrentCodePointCount()I @ 4 c2
Event: 39731.492 Thread 0x0000000019f88800 Uncommon trap: reason=bimorphic_or_optimized_type_check action=maybe_recompile pc=0x0000000010ebeae8 method=sun.text.RuleBasedBreakIterator.getCurrentCodePointCount()I @ 4 c2

Classes redefined (0 events):
No events

Internal exceptions (10 events):
Event: 38935.033 Thread 0x0000000019f88800 Implicit null exception at 0x00000000106abca8 to 0x00000000106ac242
Event: 38935.419 Thread 0x0000000019f88800 Implicit null exception at 0x00000000103bcfb8 to 0x00000000103bd256
Event: 38935.419 Thread 0x0000000019f88800 Implicit null exception at 0x000000000e8466fe to 0x000000000e84681a
Event: 38945.620 Thread 0x0000000019f88800 Exception <a 'sun/nio/fs/WindowsException'{0x00000000d1ec8f28}> (0x00000000d1ec8f28) thrown at [c:/BuildAgent/work/dd4f663211fab7c/src/hotspot/share/prims/jni.cpp, line 615]
Event: 39138.614 Thread 0x00000000193eb800 Exception <a 'sun/net/ConnectionResetException'{0x00000000d20bccb0}: > (0x00000000d20bccb0) thrown at [c:/BuildAgent/work/dd4f663211fab7c/src/hotspot/share/prims/jni.cpp, line 636]
Event: 39138.628 Thread 0x0000000025b6b000 Exception <a 'java/net/SocketException'{0x00000000d20d1e30}: Interrupted function call: accept failed> (0x00000000d20d1e30) thrown at [c:/BuildAgent/work/dd4f663211fab7c/src/hotspot/share/prims/jni.cpp, line 636]
Event: 39384.207 Thread 0x000000002258b000 Exception <a 'sun/net/ConnectionResetException'{0x00000000d2ae2b98}: > (0x00000000d2ae2b98) thrown at [c:/BuildAgent/work/dd4f663211fab7c/src/hotspot/share/prims/jni.cpp, line 636]
Event: 39384.216 Thread 0x000000002258a800 Exception <a 'java/net/SocketException'{0x00000000d2af1f20}: Interrupted function call: accept failed> (0x00000000d2af1f20) thrown at [c:/BuildAgent/work/dd4f663211fab7c/src/hotspot/share/prims/jni.cpp, line 636]
Event: 39638.650 Thread 0x0000000019f88800 Exception <a 'sun/nio/fs/WindowsException'{0x00000000d33f4d38}> (0x00000000d33f4d38) thrown at [c:/BuildAgent/work/dd4f663211fab7c/src/hotspot/share/prims/jni.cpp, line 615]
Event: 39656.764 Thread 0x0000000019f88800 Exception <a 'sun/nio/fs/WindowsException'{0x00000000d21bb5c0}> (0x00000000d21bb5c0) thrown at [c:/BuildAgent/work/dd4f663211fab7c/src/hotspot/share/prims/jni.cpp, line 615]

Events (10 events):
Event: 39731.492 Thread 0x0000000019f88800 DEOPT UNPACKING pc=0x00000000059089af sp=0x000000002074a510 mode 2
Event: 39731.492 Thread 0x0000000019f88800 Uncommon trap: trap_request=0xffffffc6 fr.pc=0x0000000010ebeae8 relative=0x0000000000000128
Event: 39731.492 Thread 0x0000000019f88800 DEOPT PACKING pc=0x0000000010ebeae8 sp=0x000000002074a580
Event: 39731.492 Thread 0x0000000019f88800 DEOPT UNPACKING pc=0x00000000059089af sp=0x000000002074a510 mode 2
Event: 39731.492 Thread 0x0000000019f88800 Uncommon trap: trap_request=0xffffffc6 fr.pc=0x0000000010ebeae8 relative=0x0000000000000128
Event: 39731.492 Thread 0x0000000019f88800 DEOPT PACKING pc=0x0000000010ebeae8 sp=0x000000002074a610
Event: 39731.492 Thread 0x0000000019f88800 DEOPT UNPACKING pc=0x00000000059089af sp=0x000000002074a598 mode 2
Event: 39731.492 Thread 0x0000000019f88800 Uncommon trap: trap_request=0xffffffc6 fr.pc=0x0000000010ebeae8 relative=0x0000000000000128
Event: 39731.492 Thread 0x0000000019f88800 DEOPT PACKING pc=0x0000000010ebeae8 sp=0x000000002074a610
Event: 39731.492 Thread 0x0000000019f88800 DEOPT UNPACKING pc=0x00000000059089af sp=0x000000002074a598 mode 2


Dynamic libraries:
0x0000000140000000 - 0x0000000140147000 	C:\Program Files\JetBrains\PyCharm 2019.1.1\bin\pycharm64.exe
0x0000000077600000 - 0x00000000777a9000 	C:\Windows\SYSTEM32\ntdll.dll
0x00000000774e0000 - 0x00000000775ff000 	C:\Windows\system32\kernel32.dll
0x000007fefd4a0000 - 0x000007fefd50c000 	C:\Windows\system32\KERNELBASE.dll
0x00000000773e0000 - 0x00000000774da000 	C:\Windows\system32\USER32.dll
0x000007feff0f0000 - 0x000007feff157000 	C:\Windows\system32\GDI32.dll
0x000007feff310000 - 0x000007feff31e000 	C:\Windows\system32\LPK.dll
0x000007feff470000 - 0x000007feff539000 	C:\Windows\system32\USP10.dll
0x000007feff790000 - 0x000007feff82f000 	C:\Windows\system32\msvcrt.dll
0x000007fefd7e0000 - 0x000007fefd8bb000 	C:\Windows\system32\ADVAPI32.dll
0x000007fefdcf0000 - 0x000007fefdd0f000 	C:\Windows\SYSTEM32\sechost.dll
0x000007feff320000 - 0x000007feff44d000 	C:\Windows\system32\RPCRT4.dll
0x000007fefdd10000 - 0x000007fefea98000 	C:\Windows\system32\SHELL32.dll
0x000007fefee90000 - 0x000007fefef01000 	C:\Windows\system32\SHLWAPI.dll
0x000007fefdb20000 - 0x000007fefdb4e000 	C:\Windows\system32\IMM32.DLL
0x000007feff200000 - 0x000007feff309000 	C:\Windows\system32\MSCTF.dll
0x000007fee45f0000 - 0x000007fee50a6000 	C:\Program Files\JetBrains\PyCharm 2019.1.1\jre64\bin\server\jvm.dll
0x000007fef85a0000 - 0x000007fef85a9000 	C:\Windows\system32\WSOCK32.dll
0x000007fefdad0000 - 0x000007fefdb1d000 	C:\Windows\system32\WS2_32.dll
0x000007fefdb50000 - 0x000007fefdb58000 	C:\Windows\system32\NSI.dll
0x000007fefa090000 - 0x000007fefa0cb000 	C:\Windows\system32\WINMM.dll
0x000007fefc490000 - 0x000007fefc49c000 	C:\Windows\system32\VERSION.dll
0x00000000777c0000 - 0x00000000777c7000 	C:\Windows\system32\PSAPI.DLL
0x000007fef4df0000 - 0x000007fef4e07000 	C:\Program Files\JetBrains\PyCharm 2019.1.1\jre64\bin\VCRUNTIME140.dll
0x000007fef8130000 - 0x000007fef8134000 	C:\Program Files\JetBrains\PyCharm 2019.1.1\jre64\bin\api-ms-win-crt-runtime-l1-1-0.dll
0x000007fee6820000 - 0x000007fee6918000 	C:\Windows\system32\ucrtbase.DLL
0x000007fef4a50000 - 0x000007fef4a53000 	C:\Windows\system32\api-ms-win-core-timezone-l1-1-0.dll
0x000007fef4a40000 - 0x000007fef4a43000 	C:\Windows\system32\api-ms-win-core-file-l2-1-0.dll
0x000007fef3770000 - 0x000007fef3773000 	C:\Windows\system32\api-ms-win-core-localization-l1-2-0.dll
0x000007fef8a50000 - 0x000007fef8a53000 	C:\Windows\system32\api-ms-win-core-synch-l1-2-0.dll
0x000007fef3760000 - 0x000007fef3763000 	C:\Windows\system32\api-ms-win-core-processthreads-l1-1-1.dll
0x000007fef3750000 - 0x000007fef3753000 	C:\Windows\system32\api-ms-win-core-file-l1-2-0.dll
0x000007fef31b0000 - 0x000007fef31b4000 	C:\Program Files\JetBrains\PyCharm 2019.1.1\jre64\bin\api-ms-win-crt-string-l1-1-0.dll
0x000007fef3060000 - 0x000007fef3063000 	C:\Program Files\JetBrains\PyCharm 2019.1.1\jre64\bin\api-ms-win-crt-heap-l1-1-0.dll
0x000007fef3050000 - 0x000007fef3054000 	C:\Program Files\JetBrains\PyCharm 2019.1.1\jre64\bin\api-ms-win-crt-stdio-l1-1-0.dll
0x000007fef3040000 - 0x000007fef3044000 	C:\Program Files\JetBrains\PyCharm 2019.1.1\jre64\bin\api-ms-win-crt-convert-l1-1-0.dll
0x000007fef3030000 - 0x000007fef3033000 	C:\Program Files\JetBrains\PyCharm 2019.1.1\jre64\bin\api-ms-win-crt-environment-l1-1-0.dll
0x000007fef2f90000 - 0x000007fef2f93000 	C:\Program Files\JetBrains\PyCharm 2019.1.1\jre64\bin\api-ms-win-crt-utility-l1-1-0.dll
0x000007fef2f10000 - 0x000007fef2f15000 	C:\Program Files\JetBrains\PyCharm 2019.1.1\jre64\bin\api-ms-win-crt-math-l1-1-0.dll
0x000007fef2f00000 - 0x000007fef2f03000 	C:\Program Files\JetBrains\PyCharm 2019.1.1\jre64\bin\api-ms-win-crt-filesystem-l1-1-0.dll
0x000007fef2eb0000 - 0x000007fef2eb3000 	C:\Program Files\JetBrains\PyCharm 2019.1.1\jre64\bin\api-ms-win-crt-time-l1-1-0.dll
0x000007fef2e90000 - 0x000007fef2ea1000 	C:\Program Files\JetBrains\PyCharm 2019.1.1\jre64\bin\verify.dll
0x000007fee94e0000 - 0x000007fee9605000 	C:\Windows\system32\DBGHELP.DLL
0x000007fef2e60000 - 0x000007fef2e89000 	C:\Program Files\JetBrains\PyCharm 2019.1.1\jre64\bin\java.dll
0x000007fee67e0000 - 0x000007fee6814000 	C:\Program Files\JetBrains\PyCharm 2019.1.1\jre64\bin\instrument.dll
0x000007fef2e40000 - 0x000007fef2e57000 	C:\Program Files\JetBrains\PyCharm 2019.1.1\jre64\bin\zip.dll
0x000007fef2ba0000 - 0x000007fef2bab000 	C:\Program Files\JetBrains\PyCharm 2019.1.1\jre64\bin\jimage.dll
0x000007fefd8c0000 - 0x000007fefdac3000 	C:\Windows\system32\ole32.dll
0x000007fefd3c0000 - 0x000007fefd3cf000 	C:\Windows\system32\profapi.dll
0x000007fee67c0000 - 0x000007fee67da000 	C:\Program Files\JetBrains\PyCharm 2019.1.1\jre64\bin\net.dll
0x000007fef93d0000 - 0x000007fef9441000 	C:\Windows\system32\WINHTTP.dll
0x000007fef9160000 - 0x000007fef91c4000 	C:\Windows\system32\webio.dll
0x000007fefdb60000 - 0x000007fefdce6000 	C:\Windows\system32\urlmon.dll
0x000007fefd6e0000 - 0x000007fefd6e4000 	C:\Windows\system32\api-ms-win-downlevel-ole32-l1-1-0.dll
0x000007fefd770000 - 0x000007fefd774000 	C:\Windows\system32\api-ms-win-downlevel-shlwapi-l1-1-0.dll
0x000007fefd720000 - 0x000007fefd725000 	C:\Windows\system32\api-ms-win-downlevel-advapi32-l1-1-0.dll
0x000007fefd710000 - 0x000007fefd714000 	C:\Windows\system32\api-ms-win-downlevel-user32-l1-1-0.dll
0x000007fefd6d0000 - 0x000007fefd6d4000 	C:\Windows\system32\api-ms-win-downlevel-version-l1-1-0.dll
0x000007fefd550000 - 0x000007fefd553000 	C:\Windows\system32\api-ms-win-downlevel-normaliz-l1-1-0.dll
0x00000000777d0000 - 0x00000000777d3000 	C:\Windows\system32\normaliz.DLL
0x000007fefebc0000 - 0x000007fefee87000 	C:\Windows\system32\iertutil.dll
0x000007feff540000 - 0x000007feff78b000 	C:\Windows\system32\WININET.dll
0x000007fefd6f0000 - 0x000007fefd70e000 	C:\Windows\system32\USERENV.dll
0x000007fefcb80000 - 0x000007fefcbd5000 	C:\Windows\system32\mswsock.dll
0x000007fefcb70000 - 0x000007fefcb77000 	C:\Windows\System32\wship6.dll
0x000007fee67a0000 - 0x000007fee67b4000 	C:\Program Files\JetBrains\PyCharm 2019.1.1\jre64\bin\nio.dll
0x000007fef2b90000 - 0x000007fef2b9a000 	C:\Program Files\JetBrains\PyCharm 2019.1.1\jre64\bin\management.dll
0x000007fee6790000 - 0x000007fee679c000 	C:\Program Files\JetBrains\PyCharm 2019.1.1\jre64\bin\management_ext.dll
0x000007fee61d0000 - 0x000007fee61f8000 	C:\Program Files\JetBrains\PyCharm 2019.1.1\jre64\bin\sunec.dll
0x000007fee43c0000 - 0x000007fee4561000 	C:\Program Files\JetBrains\PyCharm 2019.1.1\jre64\bin\awt.dll
0x000007feff830000 - 0x000007feff907000 	C:\Windows\system32\OLEAUT32.dll
0x000007fee4320000 - 0x000007fee43bd000 	C:\Program Files\JetBrains\PyCharm 2019.1.1\jre64\bin\MSVCP140.dll
0x000007fee66e0000 - 0x000007fee66e3000 	C:\Program Files\JetBrains\PyCharm 2019.1.1\jre64\bin\api-ms-win-crt-locale-l1-1-0.dll
0x000007fee61c0000 - 0x000007fee61c5000 	C:\Program Files\JetBrains\PyCharm 2019.1.1\jre64\bin\api-ms-win-crt-multibyte-l1-1-0.dll
0x000007fee3f50000 - 0x000007fee4314000 	C:\Windows\system32\d2d1.dll
0x000007fefa150000 - 0x000007fefa1f0000 	C:\Windows\WinSxS\amd64_microsoft.windows.common-controls_6595b64144ccf1df_5.82.7601.18201_none_a4d3b9377117c3df\COMCTL32.dll
0x000007fefadb0000 - 0x000007fefae06000 	C:\Windows\system32\uxtheme.dll
0x0000000180000000 - 0x0000000180027000 	C:\Program Files (x86)\kbasesrv\knbdefdll64.dll
0x000007fefa8c0000 - 0x000007fefa8d8000 	C:\Windows\system32\dwmapi.dll
0x000007fefd260000 - 0x000007fefd26f000 	C:\Windows\system32\CRYPTBASE.dll
0x000007fefc560000 - 0x000007fefc567000 	C:\Windows\System32\wshtcpip.dll
0x000007fefcbe0000 - 0x000007fefcbf7000 	C:\Windows\system32\CRYPTSP.dll
0x000007fefc8e0000 - 0x000007fefc927000 	C:\Windows\system32\rsaenh.dll
0x000007fefbd50000 - 0x000007fefbd77000 	C:\Windows\system32\IPHLPAPI.DLL
0x000007fefbd40000 - 0x000007fefbd4b000 	C:\Windows\system32\WINNSI.DLL
0x000007fefbb50000 - 0x000007fefbb68000 	C:\Windows\system32\dhcpcsvc.DLL
0x000007fefbb30000 - 0x000007fefbb41000 	C:\Windows\system32\dhcpcsvc6.DLL
0x000007fee59a0000 - 0x000007fee59e2000 	C:\Users\Administrator\.PyCharm2019.1\system\tmp\jna2923991781276479435.dll
0x000007fee5db0000 - 0x000007fee5dcb000 	C:\Program Files\JetBrains\PyCharm 2019.1.1\bin\IdeaWin64.dll
0x000007fee3ec0000 - 0x000007fee3f42000 	C:\Program Files\JetBrains\PyCharm 2019.1.1\jre64\bin\freetype.dll
0x000007fee3e40000 - 0x000007fee3eb1000 	C:\Program Files\JetBrains\PyCharm 2019.1.1\jre64\bin\fontmanager.dll
0x000007fee3d20000 - 0x000007fee3e3d000 	C:\Windows\system32\opengl32.dll
0x000007fee3cf0000 - 0x000007fee3d1d000 	C:\Windows\system32\GLU32.dll
0x000007fee3bf0000 - 0x000007fee3ce1000 	C:\Windows\system32\DDRAW.dll
0x000007fee61b0000 - 0x000007fee61b8000 	C:\Windows\system32\DCIMAN32.dll
0x000007fefef10000 - 0x000007feff0e7000 	C:\Windows\system32\SETUPAPI.dll
0x000007fefd730000 - 0x000007fefd766000 	C:\Windows\system32\CFGMGR32.dll
0x000007fefd480000 - 0x000007fefd49a000 	C:\Windows\system32\DEVOBJ.dll
0x000007fee5e70000 - 0x000007fee5e7a000 	C:\Program Files\JetBrains\PyCharm 2019.1.1\jre64\bin\prefs.dll
0x000007fefbf40000 - 0x000007fefbf55000 	C:\Windows\system32\NLAapi.dll
0x000007fef2e20000 - 0x000007fef2e35000 	C:\Windows\system32\napinsp.dll
0x000007fef2e00000 - 0x000007fef2e19000 	C:\Windows\system32\pnrpnsp.dll
0x000007fefca00000 - 0x000007fefca5b000 	C:\Windows\system32\DNSAPI.dll
0x000007fef3020000 - 0x000007fef302b000 	C:\Windows\System32\winrnr.dll
0x000007fef2f20000 - 0x000007fef2f30000 	C:\Windows\system32\wshbth.dll
0x000007fefbbd0000 - 0x000007fefbc23000 	C:\Windows\System32\fwpuclnt.dll
0x000007fef9c90000 - 0x000007fef9c98000 	C:\Windows\system32\rasadhlp.dll
0x000007fee3bb0000 - 0x000007fee3bec000 	C:\Program Files\JetBrains\PyCharm 2019.1.1\jre64\bin\splashscreen.dll
0x000007fee5da0000 - 0x000007fee5da8000 	C:\Program Files\JetBrains\PyCharm 2019.1.1\jre64\bin\jawt.dll
0x000007fefd200000 - 0x000007fefd257000 	C:\Windows\system32\apphelp.dll
0x000007fefa380000 - 0x000007fefa3d4000 	C:\Windows\system32\OLEACC.dll
0x000007fefeb20000 - 0x000007fefebb9000 	C:\Windows\system32\CLBCatQ.DLL
0x000007fefae90000 - 0x000007fefb084000 	C:\Windows\WinSxS\amd64_microsoft.windows.common-controls_6595b64144ccf1df_6.0.7601.17514_none_fa396087175ac9ac\comctl32.dll
0x000007fefa750000 - 0x000007fefa8b1000 	C:\Windows\system32\WindowsCodecs.dll
0x000007fef8b10000 - 0x000007fef8b45000 	C:\Windows\system32\EhStorShell.dll
0x000007fefc090000 - 0x000007fefc1bc000 	C:\Windows\system32\PROPSYS.dll
0x000007fef89d0000 - 0x000007fef8a4e000 	C:\Windows\System32\cscui.dll
0x000007fef89c0000 - 0x000007fef89cc000 	C:\Windows\System32\CSCDLL.dll
0x000007fef8d80000 - 0x000007fef8d8f000 	C:\Windows\system32\CSCAPI.dll
0x000007fef8900000 - 0x000007fef8980000 	C:\Windows\system32\ntshrui.dll
0x000007fefcdf0000 - 0x000007fefce13000 	C:\Windows\system32\srvcli.dll
0x000007fefbeb0000 - 0x000007fefbebb000 	C:\Windows\system32\slc.dll
0x000007fee3990000 - 0x000007fee39cf000 	C:\Program Files\JetBrains\PyCharm 2019.1.1\jre64\bin\lcms.dll
0x000007fee6d40000 - 0x000007fee6dfa000 	C:\Windows\system32\uiautomationcore.dll
0x000007fef2ff0000 - 0x000007fef3012000 	C:\Users\Administrator\.PyCharm2019.1\system\tmp\winp.x64.BFFE30B3B50581290B1866EF8D48C609.dll
0x000007fefc030000 - 0x000007fefc05d000 	C:\Windows\system32\ntmarta.dll
0x000007fefd780000 - 0x000007fefd7d2000 	C:\Windows\system32\WLDAP32.dll
0x000007fef4b80000 - 0x000007fef4d1c000 	C:\Windows\system32\NetworkExplorer.dll

dbghelp: loaded successfully - version: 4.0.5 - missing functions: none
symbol engine: initialized successfully - sym options: 0x614 - pdb path: .;C:\Program Files\JetBrains\PyCharm 2019.1.1\bin;C:\Windows\SYSTEM32;C:\Program Files\JetBrains\PyCharm 2019.1.1\jre64\bin\server;C:\Program Files\JetBrains\PyCharm 2019.1.1\jre64\bin;C:\Windows\WinSxS\amd64_microsoft.windows.common-controls_6595b64144ccf1df_5.82.7601.18201_none_a4d3b9377117c3df;C:\Program Files (x86)\kbasesrv;C:\Users\Administrator\.PyCharm2019.1\system\tmp;C:\Users\Administrator\AppData\Local\kingsoft\Power Word 2016\2016.3.3.0347;C:\Windows\WinSxS\amd64_microsoft.windows.common-controls_6595b64144ccf1df_6.0.7601.17514_none_fa396087175ac9ac;D:\WPS Office\11.1.0.8976\office6;C:\Windows\WinSxS\amd64_microsoft.windows.gdiplus_6595b64144ccf1df_1.1.7601.18455_none_2b283fd671e9bf4d;C:\Program Files (x86)\Baidu\BaiduPinyin\2.9.2.42

VM Arguments:
jvm_args: -Xms128m -Xmx750m -XX:ReservedCodeCacheSize=240m -XX:+UseConcMarkSweepGC -XX:SoftRefLRUPolicyMSPerMB=50 -ea -Dsun.io.useCanonCaches=false -Djava.net.preferIPv4Stack=true -Djdk.http.auth.tunneling.disabledSchemes="" -XX:+HeapDumpOnOutOfMemoryError -XX:-OmitStackTraceInFastThrow -javaagent:C:\Program Files\JetBrains\PyCharm 2019.1.1\bin\JetbrainsCrack-release-enc.jar -Djb.vmOptionsFile=C:\Program Files\JetBrains\PyCharm 2019.1.1\bin\pycharm64.exe.vmoptions -Didea.platform.prefix=Python -Dide.native.launcher=true -Didea.paths.selector=PyCharm2019.1 -XX:ErrorFile=C:\Users\Administrator\java_error_in_pycharm_%p.log -XX:HeapDumpPath=C:\Users\Administrator\java_error_in_pycharm.hprof 
java_command: <unknown>
java_class_path (initial): C:\Program Files\JetBrains\PyCharm 2019.1.1\lib\bootstrap.jar;C:\Program Files\JetBrains\PyCharm 2019.1.1\lib\extensions.jar;C:\Program Files\JetBrains\PyCharm 2019.1.1\lib\util.jar;C:\Program Files\JetBrains\PyCharm 2019.1.1\lib\jdom.jar;C:\Program Files\JetBrains\PyCharm 2019.1.1\lib\log4j.jar;C:\Program Files\JetBrains\PyCharm 2019.1.1\lib\trove4j.jar;C:\Program Files\JetBrains\PyCharm 2019.1.1\lib\jna.jar
Launcher Type: generic

[Global flags]
     intx CICompilerCount                          = 3                                         {product} {ergonomic}
    ccstr ErrorFile                                = C:\Users\Administrator\java_error_in_pycharm_%p.log            {product} {command line}
     bool HeapDumpOnOutOfMemoryError               = true                                   {manageable} {command line}
    ccstr HeapDumpPath                             = C:\Users\Administrator\java_error_in_pycharm.hprof         {manageable} {command line}
   size_t InitialHeapSize                          = 134217728                                 {product} {command line}
   size_t MaxHeapSize                              = 786432000                                 {product} {command line}
   size_t MaxNewSize                               = 262144000                                 {product} {ergonomic}
    uintx MaxTenuringThreshold                     = 6                                         {product} {ergonomic}
   size_t MinHeapDeltaBytes                        = 196608                                    {product} {ergonomic}
   size_t NewSize                                  = 44695552                                  {product} {ergonomic}
    uintx NonNMethodCodeHeapSize                   = 5830092                                {pd product} {ergonomic}
    uintx NonProfiledCodeHeapSize                  = 122914074                              {pd product} {ergonomic}
   size_t OldSize                                  = 89522176                                  {product} {ergonomic}
     bool OmitStackTraceInFastThrow                = false                                     {product} {command line}
    uintx ProfiledCodeHeapSize                     = 122914074                              {pd product} {ergonomic}
    uintx ReservedCodeCacheSize                    = 251658240                              {pd product} {command line}
     bool SegmentedCodeCache                       = true                                      {product} {ergonomic}
     intx SoftRefLRUPolicyMSPerMB                  = 50                                        {product} {command line}
     bool UseCompressedClassPointers               = true                                 {lp64_product} {ergonomic}
     bool UseCompressedOops                        = true                                 {lp64_product} {ergonomic}
     bool UseConcMarkSweepGC                       = true                                      {product} {command line}
     bool UseLargePagesIndividualAllocation        = false                                  {pd product} {ergonomic}

Logging:
Log output configuration:
 #0: stdout all=warning uptime,level,tags
 #1: stderr all=off uptime,level,tags

Environment Variables:
PATH=D:\app\Administrator\product\11.1.0\db_1\bin;D:\jdk1.8.0_162\bin;C:\Windows\system32;C:\Windows;C:\Windows\System32\Wbem;C:\Windows\System32\WindowsPowerShell\v1.0\;C:\Program Files (x86)\Windows7Master;C:\Program Files\JetBrains\PyCharm 2019.1.1\bin;:D:\MyGit;D:\ANACONDA\Scripts
USERNAME=Administrator
OS=Windows_NT
PROCESSOR_IDENTIFIER=Intel64 Family 6 Model 42 Stepping 7, GenuineIntel



---------------  S Y S T E M  ---------------

OS: Windows 7 , 64 bit Build 7601 (6.1.7601.18409)

CPU:total 4 (initial active 4) (2 cores per cpu, 2 threads per core) family 6 model 42 stepping 7, cmov, cx8, fxsr, mmx, sse, sse2, sse3, ssse3, sse4.1, sse4.2, popcnt, avx, aes, clmul, ht, tsc, tscinvbit

Memory: 4k page, system-wide physical 8075M (2575M free)
TotalPageFile size 16148M (AvailPageFile size 8157M)
current process WorkingSet (physical memory assigned to process): 987M, peak: 987M
current process commit charge ("private bytes"): 1058M, peak: 1066M

vm_info: OpenJDK 64-Bit Server VM (11.0.2+9-b159.34) for windows-amd64 JRE (11.0.2+9-b159.34), built on Mar 26 2019 11:55:29 by "" with MS VC++ 14.0 (VS2015)

END.
